2023-06-16 21:59:51 - Loging alsSimonfehlgeschlagen!
2023-06-16 22:00:41 - simonhat sich erfolgreich angemeldet!
2023-06-16 22:01:38 - simon hat sich erfolgreich angemeldet!
2023-06-16 22:01:42 - Loging als Simon fehlgeschlagen!
2023-06-16 22:01:51 - simon hat sich erfolgreich angemeldet!
2023-06-16 22:02:50 - [INFO]simon hat sich erfolgreich angemeldet!
2023-06-16 22:02:52 - [WARNING] - Loging als Simon fehlgeschlagen!
2023-06-16 22:03:02 - [WARNING] - Loging als simon fehlgeschlagen!
2023-06-16 22:03:32 - [WARNING] - Loging als simon fehlgeschlagen!
2023-06-16 22:03:41 - [INFO] - simon hat sich erfolgreich angemeldet!
2023-06-16 22:19:21 - [INFO] - simon hat sich erfolgreich angemeldet!
2023-06-16 22:19:23 - [WARNING] - Login als Simon fehlgeschlagen!
2023-06-16 22:19:34 - [INFO] - simon hat sich erfolgreich angemeldet!
2023-06-16 22:19:43 - [WARNING] - Login als ^ fehlgeschlagen!
2023-06-16 22:27:24 - [INFO] - Ungültige Benutzereingaben!
2023-06-16 22:27:26 - [INFO] - Ungültige Benutzereingaben!
2023-06-16 22:27:28 - [INFO] - Ungültige Benutzereingaben!
2023-06-16 22:27:31 - [INFO] - Ungültige Benutzereingaben!
2023-06-16 22:27:35 - [WARNING] - Login als Simon fehlgeschlagen!
2023-06-16 22:27:49 - [INFO] - simon hat sich erfolgreich angemeldet!
2023-06-16 22:27:55 - [INFO] - simon hat sich erfolgreich angemeldet!
2023-06-16 22:27:57 - [INFO] - simon hat sich erfolgreich angemeldet!
2023-06-16 22:27:58 - [INFO] - simon hat sich erfolgreich angemeldet!
2023-06-16 22:36:37 - [WARNING] - Login als Sn6 fehlgeschlagen!
2023-06-16 22:50:13 - [WARNING] - Login als Simon fehlgeschlagen!
2023-06-16 22:50:15 - [WARNING] - Login als Simon fehlgeschlagen!
2023-06-16 22:50:24 - [INFO] - simon hat sich erfolgreich angemeldet!
2023-06-16 22:50:44 - [WARNING] - Login als Simon fehlgeschlagen!
2023-06-16 22:50:50 - [WARNING] - Login als Simon fehlgeschlagen!
2023-06-16 22:50:51 - [WARNING] - Login als Simon fehlgeschlagen!
2023-06-16 22:50:51 - [WARNING] - Login als Simon fehlgeschlagen!
2023-06-16 22:50:52 - [WARNING] - Login als Simon fehlgeschlagen!
2023-06-16 22:50:52 - [WARNING] - Login als Simon fehlgeschlagen!
2023-06-16 22:51:19 - [WARNING] - Login als Simon fehlgeschlagen!
2023-06-16 22:51:24 - [WARNING] - Login als Simon fehlgeschlagen!
2023-06-16 22:51:37 - [INFO] - simon hat sich erfolgreich angemeldet!
2023-06-16 23:10:19 - [WARNING] - Login als Simon fehlgeschlagen!
2023-06-16 23:10:20 - [WARNING] - Login als Simon fehlgeschlagen!
2023-06-16 23:10:36 - [WARNING] - Login als Simon fehlgeschlagen!
2023-06-16 23:10:37 - [WARNING] - Login als Simon fehlgeschlagen!
2023-06-16 23:10:51 - [WARNING] - Login als Simon fehlgeschlagen!
2023-06-16 23:14:20 - [WARNING] - Login als Simon fehlgeschlagen!
2023-06-16 23:17:58 - [WARNING] - Login als Simon fehlgeschlagen!
2023-06-16 23:20:04 - [WARNING] - Login als Simon fehlgeschlagen!
2023-06-16 23:20:55 - [WARNING] - Login als Simon fehlgeschlagen!
2023-06-16 23:21:09 - [INFO] - simon hat sich erfolgreich angemeldet!
2023-06-16 23:23:09 - [WARNING] - Login als Simon fehlgeschlagen!
2023-06-18 0:12:08 - [INFO] - Sender: simon, Empfänger: david, Betrag: 1
2023-06-18 0:12:33 - [INFO] - Sender: simon, Empfänger: david, Betrag: 1
2023-06-18 0:12:34 - [INFO] - Sender: simon, Empfänger: david, Betrag: 1
2023-06-18 0:12:35 - [INFO] - Sender: simon, Empfänger: david, Betrag: 1
2023-06-18 0:12:36 - [INFO] - Sender: simon, Empfänger: david, Betrag: 1
2023-06-18 0:12:36 - [INFO] - Sender: simon, Empfänger: david, Betrag: 1
2023-06-18 0:12:36 - [INFO] - Sender: simon, Empfänger: david, Betrag: 1
2023-06-18 0:12:36 - [INFO] - Sender: simon, Empfänger: david, Betrag: 1
2023-06-18 0:12:36 - [INFO] - Sender: simon, Empfänger: david, Betrag: 1
2023-06-18 0:13:32 - [INFO] - Sender: simon, Empfänger: admin, Betrag: 1
2023-06-18 0:13:33 - [INFO] - Sender: simon, Empfänger: admin, Betrag: 1
2023-06-18 0:15:15 - [INFO] - Sender: simon, Empfänger: david, Betrag: 1
2023-06-18 0:15:34 - [INFO] - Sender: simon, Empfänger: admin, Betrag: 1
